2026-04-01 02:13:32: -----------Request----------->
POST http://httpbin.org/post

User-Agent: Python Requests
Accept-Encoding: gzip, deflate, zstd
Accept: */*
Connection: keep-alive
Content-Type: application/json
Content-Length: 39

{
    "key1": 1,
    "key2": "value2"
}

2026-04-01 02:13:32: <-----------Response-----------
Status code:200

Date: Wed, 01 Apr 2026 03:13:32 GMT
Content-Type: application/json
Content-Length: 522
Connection: keep-alive
Server: gunicorn/19.9.0
Access-Control-Allow-Origin: *
Access-Control-Allow-Credentials: true

{
    "args": {},
    "data": "{\n    \"key1\": 1,\n    \"key2\": \"value2\"\n}",
    "files": {},
    "form": {},
    "headers": {
        "Accept": "*/*",
        "Accept-Encoding": "gzip, deflate, zstd",
        "Content-Length": "39",
        "Content-Type": "application/json",
        "Host": "httpbin.org",
        "User-Agent": "Python Requests",
        "X-Amzn-Trace-Id": "Root=1-69cc8d5b-129a35dd689664de287fd8aa"
    },
    "json": {
        "key1": 1,
        "key2": "value2"
    },
    "origin": "3.24.93.82",
    "url": "http://httpbin.org/post"
}

2026-04-01 02:13:32: -----------Request----------->
POST http://httpbin.org/post

User-Agent: python-requests/2.33.1
Accept-Encoding: gzip, deflate, zstd
Accept: */*
Connection: keep-alive
Content-Length: 18
Content-Type: application/x-www-form-urlencoded

key1=1&key2=value2

2026-04-01 02:13:32: <-----------Response-----------
Status code:200

Date: Wed, 01 Apr 2026 03:13:32 GMT
Content-Type: application/json
Content-Length: 502
Connection: keep-alive
Server: gunicorn/19.9.0
Access-Control-Allow-Origin: *
Access-Control-Allow-Credentials: true

{
    "args": {},
    "data": "",
    "files": {},
    "form": {
        "key1": "1",
        "key2": "value2"
    },
    "headers": {
        "Accept": "*/*",
        "Accept-Encoding": "gzip, deflate, zstd",
        "Content-Length": "18",
        "Content-Type": "application/x-www-form-urlencoded",
        "Host": "httpbin.org",
        "User-Agent": "python-requests/2.33.1",
        "X-Amzn-Trace-Id": "Root=1-69cc8d5c-086ba9536c43e7a0029702f9"
    },
    "json": null,
    "origin": "3.24.93.82",
    "url": "http://httpbin.org/post"
}

2026-04-01 02:13:32: -----------Request----------->
GET http://httpbin.org/basic-auth/user1/password1

User-Agent: python-requests/2.33.1
Accept-Encoding: gzip, deflate, zstd
Accept: */*
Connection: keep-alive
Authorization: Basic dXNlcjE6cGFzc3dvcmQx

None

2026-04-01 02:13:32: <-----------Response-----------
Status code:200

Date: Wed, 01 Apr 2026 03:13:32 GMT
Content-Type: application/json
Content-Length: 48
Connection: keep-alive
Server: gunicorn/19.9.0
Access-Control-Allow-Origin: *
Access-Control-Allow-Credentials: true

{
    "authenticated": true,
    "user": "user1"
}

2026-04-01 02:13:33: -----------Request----------->
GET http://127.0.0.1:5000/hello

User-Agent: python-requests/2.33.1
Accept-Encoding: gzip, deflate, zstd
Accept: */*
Connection: keep-alive

None

2026-04-01 02:13:33: <-----------Response-----------
Status code:200

Server: Werkzeug/3.1.6 Python/3.14.3
Date: Wed, 01 Apr 2026 03:13:33 GMT
Content-Type: text/html; charset=utf-8
Content-Length: 40
Connection: close

{
    "code": 1,
    "message": "Hello, World!"
}

2026-04-01 02:13:33: -----------Request----------->
GET http://127.0.0.1:5000/anyendpoint

User-Agent: python-requests/2.33.1
Accept-Encoding: gzip, deflate, zstd
Accept: */*
Connection: keep-alive
Response-Code: 202
Response-Body: {"code": 0, "message": "all good"}

None

2026-04-01 02:13:33: <-----------Response-----------
Status code:202

Server: Werkzeug/3.1.6 Python/3.14.3
Date: Wed, 01 Apr 2026 03:13:33 GMT
Content-Type: text/html; charset=utf-8
Content-Length: 34
Connection: close

{
    "code": 0,
    "message": "all good"
}

2026-04-01 02:13:33: -----------Request----------->
POST http://httpbin.org/post

User-Agent: Python Requests
Accept-Encoding: gzip, deflate, zstd
Accept: */*
Connection: keep-alive
Content-Type: application/json
Content-Length: 39

{
    "key1": 1,
    "key2": "value2"
}

2026-04-01 02:13:33: <-----------Response-----------
Status code:200

Date: Wed, 01 Apr 2026 03:13:33 GMT
Content-Type: application/json
Content-Length: 522
Connection: keep-alive
Server: gunicorn/19.9.0
Access-Control-Allow-Origin: *
Access-Control-Allow-Credentials: true

{
    "args": {},
    "data": "{\n    \"key1\": 1,\n    \"key2\": \"value2\"\n}",
    "files": {},
    "form": {},
    "headers": {
        "Accept": "*/*",
        "Accept-Encoding": "gzip, deflate, zstd",
        "Content-Length": "39",
        "Content-Type": "application/json",
        "Host": "httpbin.org",
        "User-Agent": "Python Requests",
        "X-Amzn-Trace-Id": "Root=1-69cc8d5d-65c66deb5ceb12734122be3e"
    },
    "json": {
        "key1": 1,
        "key2": "value2"
    },
    "origin": "3.24.93.82",
    "url": "http://httpbin.org/post"
}

2026-04-01 02:13:34: -----------Request----------->
POST http://httpbin.org/post

User-Agent: Python Requests
Accept-Encoding: gzip, deflate, zstd
Accept: */*
Connection: keep-alive
Content-Type: application/json
Content-Length: 32

{
    "key1": "test request 2"
}

2026-04-01 02:13:34: <-----------Response-----------
Status code:200

Date: Wed, 01 Apr 2026 03:13:33 GMT
Content-Type: application/json
Content-Length: 504
Connection: keep-alive
Server: gunicorn/19.9.0
Access-Control-Allow-Origin: *
Access-Control-Allow-Credentials: true

{
    "args": {},
    "data": "{\n    \"key1\": \"test request 2\"\n}",
    "files": {},
    "form": {},
    "headers": {
        "Accept": "*/*",
        "Accept-Encoding": "gzip, deflate, zstd",
        "Content-Length": "32",
        "Content-Type": "application/json",
        "Host": "httpbin.org",
        "User-Agent": "Python Requests",
        "X-Amzn-Trace-Id": "Root=1-69cc8d5d-5db833db54282af62696b31f"
    },
    "json": {
        "key1": "test request 2"
    },
    "origin": "3.24.93.82",
    "url": "http://httpbin.org/post"
}

2026-04-01 02:13:34: -----------Request----------->
GET http://httpbin.org/basic-auth/user1/password1

User-Agent: python-requests/2.33.1
Accept-Encoding: gzip, deflate, zstd
Accept: */*
Connection: keep-alive
Authorization: Basic dXNlcjE6cGFzc3dvcmQx

None

2026-04-01 02:13:34: <-----------Response-----------
Status code:200

Date: Wed, 01 Apr 2026 03:13:34 GMT
Content-Type: application/json
Content-Length: 48
Connection: keep-alive
Server: gunicorn/19.9.0
Access-Control-Allow-Origin: *
Access-Control-Allow-Credentials: true

{
    "authenticated": true,
    "user": "user1"
}

