2019-08-02 17:13:15,697 [DEBUG  ][ln-131]: To load test data.
2019-08-02 17:13:15,705 [INFO   ][ln-195]: Calling test_mock_service.
2019-08-02 17:13:15,712 [INFO   ][ln-195]: Calling test_mock_service.
2019-08-02 17:13:15,918 [INFO   ][ln-210]: Test test_mock_service passed.
2019-08-02 17:13:15,918 [INFO   ][ln-231]: test_mock_service returns: pass, 0.209183
2019-08-02 17:13:15,918 [INFO   ][ln-195]: Calling test_mock_service.
2019-08-02 17:13:15,922 [INFO   ][ln-210]: Test test_mock_service passed.
2019-08-02 17:13:15,922 [INFO   ][ln-231]: test_mock_service returns: pass, 0.207891
2019-08-02 17:13:15,922 [INFO   ][ln-195]: Calling test_mock_service.
2019-08-02 17:13:16,124 [INFO   ][ln-210]: Test test_mock_service passed.
2019-08-02 17:13:16,124 [INFO   ][ln-231]: test_mock_service returns: pass, 0.20393
2019-08-02 17:13:16,124 [INFO   ][ln-195]: Calling test_mock_service.
2019-08-02 17:13:16,128 [INFO   ][ln-210]: Test test_mock_service passed.
2019-08-02 17:13:16,128 [INFO   ][ln-231]: test_mock_service returns: pass, 0.204411
2019-08-02 17:13:16,128 [INFO   ][ln-195]: Calling test_mock_service.
2019-08-02 17:13:16,334 [INFO   ][ln-210]: Test test_mock_service passed.
2019-08-02 17:13:16,334 [INFO   ][ln-231]: test_mock_service returns: pass, 0.207438
2019-08-02 17:13:16,335 [INFO   ][ln-195]: Calling test_mock_service.
2019-08-02 17:13:16,337 [INFO   ][ln-210]: Test test_mock_service passed.
2019-08-02 17:13:16,337 [INFO   ][ln-231]: test_mock_service returns: pass, 0.207346
2019-08-02 17:13:16,337 [INFO   ][ln-195]: Calling test_mock_service.
2019-08-02 17:13:16,544 [INFO   ][ln-210]: Test test_mock_service passed.
2019-08-02 17:13:16,544 [INFO   ][ln-231]: test_mock_service returns: pass, 0.207643
2019-08-02 17:13:16,545 [INFO   ][ln-195]: Calling test_mock_service.
2019-08-02 17:13:16,547 [INFO   ][ln-210]: Test test_mock_service passed.
2019-08-02 17:13:16,548 [INFO   ][ln-231]: test_mock_service returns: pass, 0.20847
2019-08-02 17:13:16,548 [INFO   ][ln-195]: Calling test_mock_service.
2019-08-02 17:13:16,753 [INFO   ][ln-210]: Test test_mock_service passed.
2019-08-02 17:13:16,753 [INFO   ][ln-231]: test_mock_service returns: pass, 0.206452
2019-08-02 17:13:16,753 [INFO   ][ln-195]: Calling test_mock_service.
2019-08-02 17:13:16,757 [INFO   ][ln-210]: Test test_mock_service passed.
2019-08-02 17:13:16,757 [INFO   ][ln-231]: test_mock_service returns: pass, 0.208032
2019-08-02 17:13:16,758 [INFO   ][ln-195]: Calling test_mock_service.
2019-08-02 17:13:16,964 [INFO   ][ln-210]: Test test_mock_service passed.
2019-08-02 17:13:16,964 [INFO   ][ln-231]: test_mock_service returns: pass, 0.204206
2019-08-02 17:13:16,965 [INFO   ][ln-195]: Calling test_mock_service.
2019-08-02 17:13:16,967 [INFO   ][ln-210]: Test test_mock_service passed.
2019-08-02 17:13:16,967 [INFO   ][ln-231]: test_mock_service returns: pass, 0.208939
2019-08-02 17:13:16,967 [INFO   ][ln-195]: Calling test_mock_service.
2019-08-02 17:13:17,174 [INFO   ][ln-210]: Test test_mock_service passed.
2019-08-02 17:13:17,174 [INFO   ][ln-231]: test_mock_service returns: pass, 0.204124
2019-08-02 17:13:17,174 [INFO   ][ln-195]: Calling test_mock_service.
2019-08-02 17:13:17,177 [INFO   ][ln-210]: Test test_mock_service passed.
2019-08-02 17:13:17,177 [INFO   ][ln-231]: test_mock_service returns: pass, 0.207464
2019-08-02 17:13:17,177 [INFO   ][ln-195]: Calling test_mock_service.
2019-08-02 17:13:17,384 [INFO   ][ln-210]: Test test_mock_service passed.
2019-08-02 17:13:17,384 [INFO   ][ln-231]: test_mock_service returns: pass, 0.207603
2019-08-02 17:13:17,385 [INFO   ][ln-210]: Test test_mock_service passed.
2019-08-02 17:13:17,385 [INFO   ][ln-231]: test_mock_service returns: pass, 0.204148
2019-08-02 17:13:17,385 [INFO   ][ln-195]: Calling test_mock_service.
2019-08-02 17:13:17,387 [INFO   ][ln-195]: Calling test_mock_service.
2019-08-02 17:13:17,594 [INFO   ][ln-210]: Test test_mock_service passed.
2019-08-02 17:13:17,594 [INFO   ][ln-231]: test_mock_service returns: pass, 0.205006
2019-08-02 17:13:17,594 [INFO   ][ln-195]: Calling test_mock_service.
2019-08-02 17:13:17,597 [INFO   ][ln-210]: Test test_mock_service passed.
2019-08-02 17:13:17,597 [INFO   ][ln-231]: test_mock_service returns: pass, 0.206448
2019-08-02 17:13:17,597 [INFO   ][ln-195]: Calling test_mock_service.
2019-08-02 17:13:17,803 [INFO   ][ln-210]: Test test_mock_service passed.
2019-08-02 17:13:17,803 [INFO   ][ln-231]: test_mock_service returns: pass, 0.206616
2019-08-02 17:13:17,803 [INFO   ][ln-195]: Calling test_mock_service.
2019-08-02 17:13:17,806 [INFO   ][ln-210]: Test test_mock_service passed.
2019-08-02 17:13:17,807 [INFO   ][ln-231]: test_mock_service returns: pass, 0.207614
2019-08-02 17:13:17,807 [INFO   ][ln-195]: Calling test_mock_service.
2019-08-02 17:13:18,014 [INFO   ][ln-210]: Test test_mock_service passed.
2019-08-02 17:13:18,014 [INFO   ][ln-231]: test_mock_service returns: pass, 0.207919
2019-08-02 17:13:18,014 [INFO   ][ln-195]: Calling test_mock_service.
2019-08-02 17:13:18,017 [INFO   ][ln-210]: Test test_mock_service passed.
2019-08-02 17:13:18,017 [INFO   ][ln-231]: test_mock_service returns: pass, 0.204378
2019-08-02 17:13:18,017 [INFO   ][ln-195]: Calling test_mock_service.
2019-08-02 17:13:18,223 [INFO   ][ln-210]: Test test_mock_service passed.
2019-08-02 17:13:18,224 [INFO   ][ln-231]: test_mock_service returns: pass, 0.207607
2019-08-02 17:13:18,224 [INFO   ][ln-195]: Calling test_mock_service.
2019-08-02 17:13:18,226 [INFO   ][ln-210]: Test test_mock_service passed.
2019-08-02 17:13:18,226 [INFO   ][ln-231]: test_mock_service returns: pass, 0.204173
2019-08-02 17:13:18,226 [INFO   ][ln-195]: Calling test_mock_service.
2019-08-02 17:13:18,433 [INFO   ][ln-210]: Test test_mock_service passed.
2019-08-02 17:13:18,433 [INFO   ][ln-231]: test_mock_service returns: pass, 0.207293
2019-08-02 17:13:18,433 [INFO   ][ln-195]: Calling test_mock_service.
2019-08-02 17:13:18,436 [INFO   ][ln-210]: Test test_mock_service passed.
2019-08-02 17:13:18,436 [INFO   ][ln-231]: test_mock_service returns: pass, 0.20441
2019-08-02 17:13:18,436 [INFO   ][ln-195]: Calling test_mock_service.
2019-08-02 17:13:18,642 [INFO   ][ln-210]: Test test_mock_service passed.
2019-08-02 17:13:18,642 [INFO   ][ln-231]: test_mock_service returns: pass, 0.206698
2019-08-02 17:13:18,642 [INFO   ][ln-195]: Calling test_mock_service.
2019-08-02 17:13:18,646 [INFO   ][ln-210]: Test test_mock_service passed.
2019-08-02 17:13:18,646 [INFO   ][ln-231]: test_mock_service returns: pass, 0.208004
2019-08-02 17:13:18,646 [INFO   ][ln-195]: Calling test_mock_service.
2019-08-02 17:13:18,853 [INFO   ][ln-210]: Test test_mock_service passed.
2019-08-02 17:13:18,853 [INFO   ][ln-231]: test_mock_service returns: pass, 0.208728
2019-08-02 17:13:18,853 [INFO   ][ln-195]: Calling test_mock_service.
2019-08-02 17:13:18,856 [INFO   ][ln-210]: Test test_mock_service passed.
2019-08-02 17:13:18,856 [INFO   ][ln-231]: test_mock_service returns: pass, 0.204245
2019-08-02 17:13:18,856 [INFO   ][ln-195]: Calling test_mock_service.
2019-08-02 17:13:19,063 [INFO   ][ln-210]: Test test_mock_service passed.
2019-08-02 17:13:19,063 [INFO   ][ln-231]: test_mock_service returns: pass, 0.204409
2019-08-02 17:13:19,064 [INFO   ][ln-195]: Calling test_mock_service.
2019-08-02 17:13:19,066 [INFO   ][ln-210]: Test test_mock_service passed.
2019-08-02 17:13:19,066 [INFO   ][ln-231]: test_mock_service returns: pass, 0.207855
2019-08-02 17:13:19,066 [INFO   ][ln-195]: Calling test_mock_service.
2019-08-02 17:13:19,273 [INFO   ][ln-210]: Test test_mock_service passed.
2019-08-02 17:13:19,273 [INFO   ][ln-231]: test_mock_service returns: pass, 0.20442
2019-08-02 17:13:19,273 [INFO   ][ln-195]: Calling test_mock_service.
2019-08-02 17:13:19,276 [INFO   ][ln-210]: Test test_mock_service passed.
2019-08-02 17:13:19,276 [INFO   ][ln-231]: test_mock_service returns: pass, 0.207253
2019-08-02 17:13:19,276 [INFO   ][ln-195]: Calling test_mock_service.
2019-08-02 17:13:19,483 [INFO   ][ln-210]: Test test_mock_service passed.
2019-08-02 17:13:19,483 [INFO   ][ln-231]: test_mock_service returns: pass, 0.207733
2019-08-02 17:13:19,483 [INFO   ][ln-195]: Calling test_mock_service.
2019-08-02 17:13:19,485 [INFO   ][ln-210]: Test test_mock_service passed.
2019-08-02 17:13:19,485 [INFO   ][ln-231]: test_mock_service returns: pass, 0.204268
2019-08-02 17:13:19,485 [INFO   ][ln-195]: Calling test_mock_service.
2019-08-02 17:13:19,691 [INFO   ][ln-210]: Test test_mock_service passed.
2019-08-02 17:13:19,691 [INFO   ][ln-231]: test_mock_service returns: pass, 0.203312
2019-08-02 17:13:19,691 [INFO   ][ln-195]: Calling test_mock_service.
2019-08-02 17:13:19,695 [INFO   ][ln-210]: Test test_mock_service passed.
2019-08-02 17:13:19,695 [INFO   ][ln-231]: test_mock_service returns: pass, 0.209917
2019-08-02 17:13:19,695 [INFO   ][ln-195]: Calling test_mock_service.
2019-08-02 17:13:19,902 [INFO   ][ln-210]: Test test_mock_service passed.
2019-08-02 17:13:19,902 [INFO   ][ln-231]: test_mock_service returns: pass, 0.204128
2019-08-02 17:13:19,902 [INFO   ][ln-195]: Calling test_mock_service.
2019-08-02 17:13:19,904 [INFO   ][ln-210]: Test test_mock_service passed.
2019-08-02 17:13:19,905 [INFO   ][ln-231]: test_mock_service returns: pass, 0.208654
2019-08-02 17:13:19,905 [INFO   ][ln-195]: Calling test_mock_service.
2019-08-02 17:13:20,111 [INFO   ][ln-210]: Test test_mock_service passed.
2019-08-02 17:13:20,111 [INFO   ][ln-231]: test_mock_service returns: pass, 0.20402
2019-08-02 17:13:20,112 [INFO   ][ln-195]: Calling test_mock_service.
2019-08-02 17:13:20,114 [INFO   ][ln-210]: Test test_mock_service passed.
2019-08-02 17:13:20,114 [INFO   ][ln-231]: test_mock_service returns: pass, 0.207275
2019-08-02 17:13:20,114 [INFO   ][ln-195]: Calling test_mock_service.
2019-08-02 17:13:20,321 [INFO   ][ln-210]: Test test_mock_service passed.
2019-08-02 17:13:20,321 [INFO   ][ln-231]: test_mock_service returns: pass, 0.204352
2019-08-02 17:13:20,321 [INFO   ][ln-195]: Calling test_mock_service.
2019-08-02 17:13:20,324 [INFO   ][ln-210]: Test test_mock_service passed.
2019-08-02 17:13:20,324 [INFO   ][ln-231]: test_mock_service returns: pass, 0.207168
2019-08-02 17:13:20,324 [INFO   ][ln-195]: Calling test_mock_service.
2019-08-02 17:13:20,531 [INFO   ][ln-210]: Test test_mock_service passed.
2019-08-02 17:13:20,531 [INFO   ][ln-231]: test_mock_service returns: pass, 0.207706
2019-08-02 17:13:20,531 [INFO   ][ln-195]: Calling test_mock_service.
2019-08-02 17:13:20,533 [INFO   ][ln-210]: Test test_mock_service passed.
2019-08-02 17:13:20,533 [INFO   ][ln-231]: test_mock_service returns: pass, 0.204213
2019-08-02 17:13:20,534 [INFO   ][ln-195]: Calling test_mock_service.
2019-08-02 17:13:20,739 [INFO   ][ln-210]: Test test_mock_service passed.
2019-08-02 17:13:20,739 [INFO   ][ln-231]: test_mock_service returns: pass, 0.203159
2019-08-02 17:13:20,739 [INFO   ][ln-195]: Calling test_mock_service.
2019-08-02 17:13:20,743 [INFO   ][ln-210]: Test test_mock_service passed.
2019-08-02 17:13:20,743 [INFO   ][ln-231]: test_mock_service returns: pass, 0.209847
2019-08-02 17:13:20,743 [INFO   ][ln-195]: Calling test_mock_service.
2019-08-02 17:13:20,950 [INFO   ][ln-210]: Test test_mock_service passed.
2019-08-02 17:13:20,950 [INFO   ][ln-231]: test_mock_service returns: pass, 0.208932
2019-08-02 17:13:20,950 [INFO   ][ln-195]: Calling test_mock_service.
2019-08-02 17:13:20,953 [INFO   ][ln-210]: Test test_mock_service passed.
2019-08-02 17:13:20,953 [INFO   ][ln-231]: test_mock_service returns: pass, 0.204428
2019-08-02 17:13:20,953 [INFO   ][ln-195]: Calling test_mock_service.
2019-08-02 17:13:21,160 [INFO   ][ln-210]: Test test_mock_service passed.
2019-08-02 17:13:21,160 [INFO   ][ln-231]: test_mock_service returns: pass, 0.204287
2019-08-02 17:13:21,160 [INFO   ][ln-195]: Calling test_mock_service.
2019-08-02 17:13:21,163 [INFO   ][ln-210]: Test test_mock_service passed.
2019-08-02 17:13:21,163 [INFO   ][ln-231]: test_mock_service returns: pass, 0.207777
2019-08-02 17:13:21,163 [INFO   ][ln-195]: Calling test_mock_service.
2019-08-02 17:13:21,370 [INFO   ][ln-210]: Test test_mock_service passed.
2019-08-02 17:13:21,370 [INFO   ][ln-231]: test_mock_service returns: pass, 0.204275
2019-08-02 17:13:21,370 [INFO   ][ln-195]: Calling test_mock_service.
2019-08-02 17:13:21,373 [INFO   ][ln-210]: Test test_mock_service passed.
2019-08-02 17:13:21,373 [INFO   ][ln-231]: test_mock_service returns: pass, 0.207739
2019-08-02 17:13:21,373 [INFO   ][ln-195]: Calling test_mock_service.
2019-08-02 17:13:21,580 [INFO   ][ln-210]: Test test_mock_service passed.
2019-08-02 17:13:21,580 [INFO   ][ln-231]: test_mock_service returns: pass, 0.204937
2019-08-02 17:13:21,580 [INFO   ][ln-195]: Calling test_mock_service.
2019-08-02 17:13:21,583 [INFO   ][ln-210]: Test test_mock_service passed.
2019-08-02 17:13:21,583 [INFO   ][ln-231]: test_mock_service returns: pass, 0.207389
2019-08-02 17:13:21,583 [INFO   ][ln-195]: Calling test_mock_service.
2019-08-02 17:13:21,789 [INFO   ][ln-210]: Test test_mock_service passed.
2019-08-02 17:13:21,789 [INFO   ][ln-231]: test_mock_service returns: pass, 0.206379
2019-08-02 17:13:21,789 [INFO   ][ln-195]: Calling test_mock_service.
2019-08-02 17:13:21,793 [INFO   ][ln-210]: Test test_mock_service passed.
2019-08-02 17:13:21,793 [INFO   ][ln-231]: test_mock_service returns: pass, 0.207976
2019-08-02 17:13:21,793 [INFO   ][ln-195]: Calling test_mock_service.
2019-08-02 17:13:22,000 [INFO   ][ln-210]: Test test_mock_service passed.
2019-08-02 17:13:22,000 [INFO   ][ln-231]: test_mock_service returns: pass, 0.208821
2019-08-02 17:13:22,000 [INFO   ][ln-195]: Calling test_mock_service.
2019-08-02 17:13:22,003 [INFO   ][ln-210]: Test test_mock_service passed.
2019-08-02 17:13:22,003 [INFO   ][ln-231]: test_mock_service returns: pass, 0.204224
2019-08-02 17:13:22,003 [INFO   ][ln-195]: Calling test_mock_service.
2019-08-02 17:13:22,210 [INFO   ][ln-210]: Test test_mock_service passed.
2019-08-02 17:13:22,210 [INFO   ][ln-231]: test_mock_service returns: pass, 0.204336
2019-08-02 17:13:22,211 [INFO   ][ln-195]: Calling test_mock_service.
2019-08-02 17:13:22,213 [INFO   ][ln-210]: Test test_mock_service passed.
2019-08-02 17:13:22,213 [INFO   ][ln-231]: test_mock_service returns: pass, 0.207862
2019-08-02 17:13:22,213 [INFO   ][ln-195]: Calling test_mock_service.
2019-08-02 17:13:22,420 [INFO   ][ln-210]: Test test_mock_service passed.
2019-08-02 17:13:22,420 [INFO   ][ln-231]: test_mock_service returns: pass, 0.204368
2019-08-02 17:13:22,420 [INFO   ][ln-195]: Calling test_mock_service.
2019-08-02 17:13:22,423 [INFO   ][ln-210]: Test test_mock_service passed.
2019-08-02 17:13:22,423 [INFO   ][ln-231]: test_mock_service returns: pass, 0.207287
2019-08-02 17:13:22,423 [INFO   ][ln-195]: Calling test_mock_service.
2019-08-02 17:13:22,630 [INFO   ][ln-210]: Test test_mock_service passed.
2019-08-02 17:13:22,630 [INFO   ][ln-231]: test_mock_service returns: pass, 0.204123
2019-08-02 17:13:22,630 [INFO   ][ln-195]: Calling test_mock_service.
2019-08-02 17:13:22,633 [INFO   ][ln-210]: Test test_mock_service passed.
2019-08-02 17:13:22,633 [INFO   ][ln-231]: test_mock_service returns: pass, 0.207438
2019-08-02 17:13:22,633 [INFO   ][ln-195]: Calling test_mock_service.
2019-08-02 17:13:22,839 [INFO   ][ln-210]: Test test_mock_service passed.
2019-08-02 17:13:22,839 [INFO   ][ln-231]: test_mock_service returns: pass, 0.206684
2019-08-02 17:13:22,839 [INFO   ][ln-195]: Calling test_mock_service.
2019-08-02 17:13:22,842 [INFO   ][ln-210]: Test test_mock_service passed.
2019-08-02 17:13:22,842 [INFO   ][ln-231]: test_mock_service returns: pass, 0.207648
2019-08-02 17:13:22,843 [INFO   ][ln-195]: Calling test_mock_service.
2019-08-02 17:13:23,049 [INFO   ][ln-210]: Test test_mock_service passed.
2019-08-02 17:13:23,050 [INFO   ][ln-231]: test_mock_service returns: pass, 0.208617
2019-08-02 17:13:23,050 [INFO   ][ln-195]: Calling test_mock_service.
2019-08-02 17:13:23,052 [INFO   ][ln-210]: Test test_mock_service passed.
2019-08-02 17:13:23,053 [INFO   ][ln-231]: test_mock_service returns: pass, 0.204399
2019-08-02 17:13:23,053 [INFO   ][ln-195]: Calling test_mock_service.
2019-08-02 17:13:23,259 [INFO   ][ln-210]: Test test_mock_service passed.
2019-08-02 17:13:23,259 [INFO   ][ln-231]: test_mock_service returns: pass, 0.203954
2019-08-02 17:13:23,259 [INFO   ][ln-195]: Calling test_mock_service.
2019-08-02 17:13:23,261 [INFO   ][ln-210]: Test test_mock_service passed.
2019-08-02 17:13:23,261 [INFO   ][ln-231]: test_mock_service returns: pass, 0.207266
2019-08-02 17:13:23,262 [INFO   ][ln-195]: Calling test_mock_service.
2019-08-02 17:13:23,469 [INFO   ][ln-210]: Test test_mock_service passed.
2019-08-02 17:13:23,469 [INFO   ][ln-231]: test_mock_service returns: pass, 0.207438
2019-08-02 17:13:23,469 [INFO   ][ln-195]: Calling test_mock_service.
2019-08-02 17:13:23,472 [INFO   ][ln-210]: Test test_mock_service passed.
2019-08-02 17:13:23,472 [INFO   ][ln-231]: test_mock_service returns: pass, 0.204775
2019-08-02 17:13:23,472 [INFO   ][ln-195]: Calling test_mock_service.
2019-08-02 17:13:23,677 [INFO   ][ln-210]: Test test_mock_service passed.
2019-08-02 17:13:23,677 [INFO   ][ln-231]: test_mock_service returns: pass, 0.206152
2019-08-02 17:13:23,677 [INFO   ][ln-195]: Calling test_mock_service.
2019-08-02 17:13:23,682 [INFO   ][ln-210]: Test test_mock_service passed.
2019-08-02 17:13:23,682 [INFO   ][ln-231]: test_mock_service returns: pass, 0.207979
2019-08-02 17:13:23,682 [INFO   ][ln-195]: Calling test_mock_service.
2019-08-02 17:13:23,889 [INFO   ][ln-210]: Test test_mock_service passed.
2019-08-02 17:13:23,889 [INFO   ][ln-231]: test_mock_service returns: pass, 0.209379
2019-08-02 17:13:23,889 [INFO   ][ln-195]: Calling test_mock_service.
2019-08-02 17:13:23,892 [INFO   ][ln-210]: Test test_mock_service passed.
2019-08-02 17:13:23,892 [INFO   ][ln-231]: test_mock_service returns: pass, 0.204385
2019-08-02 17:13:23,892 [INFO   ][ln-195]: Calling test_mock_service.
2019-08-02 17:13:24,098 [INFO   ][ln-210]: Test test_mock_service passed.
2019-08-02 17:13:24,098 [INFO   ][ln-231]: test_mock_service returns: pass, 0.204172
2019-08-02 17:13:24,099 [INFO   ][ln-195]: Calling test_mock_service.
2019-08-02 17:13:24,101 [INFO   ][ln-210]: Test test_mock_service passed.
2019-08-02 17:13:24,101 [INFO   ][ln-231]: test_mock_service returns: pass, 0.207421
2019-08-02 17:13:24,101 [INFO   ][ln-195]: Calling test_mock_service.
2019-08-02 17:13:24,308 [INFO   ][ln-210]: Test test_mock_service passed.
2019-08-02 17:13:24,308 [INFO   ][ln-231]: test_mock_service returns: pass, 0.207394
2019-08-02 17:13:24,308 [INFO   ][ln-195]: Calling test_mock_service.
2019-08-02 17:13:24,311 [INFO   ][ln-210]: Test test_mock_service passed.
2019-08-02 17:13:24,311 [INFO   ][ln-231]: test_mock_service returns: pass, 0.204397
2019-08-02 17:13:24,312 [INFO   ][ln-195]: Calling test_mock_service.
2019-08-02 17:13:24,518 [INFO   ][ln-210]: Test test_mock_service passed.
2019-08-02 17:13:24,518 [INFO   ][ln-231]: test_mock_service returns: pass, 0.204324
2019-08-02 17:13:24,519 [INFO   ][ln-195]: Calling test_mock_service.
2019-08-02 17:13:24,521 [INFO   ][ln-210]: Test test_mock_service passed.
2019-08-02 17:13:24,521 [INFO   ][ln-231]: test_mock_service returns: pass, 0.207889
2019-08-02 17:13:24,521 [INFO   ][ln-195]: Calling test_mock_service.
2019-08-02 17:13:24,726 [INFO   ][ln-210]: Test test_mock_service passed.
2019-08-02 17:13:24,726 [INFO   ][ln-231]: test_mock_service returns: pass, 0.203394
2019-08-02 17:13:24,727 [INFO   ][ln-195]: Calling test_mock_service.
2019-08-02 17:13:24,730 [INFO   ][ln-210]: Test test_mock_service passed.
2019-08-02 17:13:24,730 [INFO   ][ln-231]: test_mock_service returns: pass, 0.20988
2019-08-02 17:13:24,731 [INFO   ][ln-195]: Calling test_mock_service.
2019-08-02 17:13:24,937 [INFO   ][ln-210]: Test test_mock_service passed.
2019-08-02 17:13:24,937 [INFO   ][ln-231]: test_mock_service returns: pass, 0.208834
2019-08-02 17:13:24,938 [INFO   ][ln-195]: Calling test_mock_service.
2019-08-02 17:13:24,940 [INFO   ][ln-210]: Test test_mock_service passed.
2019-08-02 17:13:24,940 [INFO   ][ln-231]: test_mock_service returns: pass, 0.204307
2019-08-02 17:13:24,941 [INFO   ][ln-195]: Calling test_mock_service.
2019-08-02 17:13:25,147 [INFO   ][ln-210]: Test test_mock_service passed.
2019-08-02 17:13:25,147 [INFO   ][ln-231]: test_mock_service returns: pass, 0.207718
2019-08-02 17:13:25,148 [INFO   ][ln-195]: Calling test_mock_service.
2019-08-02 17:13:25,150 [INFO   ][ln-210]: Test test_mock_service passed.
2019-08-02 17:13:25,150 [INFO   ][ln-231]: test_mock_service returns: pass, 0.204259
2019-08-02 17:13:25,150 [INFO   ][ln-195]: Calling test_mock_service.
2019-08-02 17:13:25,357 [INFO   ][ln-210]: Test test_mock_service passed.
2019-08-02 17:13:25,357 [INFO   ][ln-231]: test_mock_service returns: pass, 0.204247
2019-08-02 17:13:25,357 [INFO   ][ln-195]: Calling test_mock_service.
2019-08-02 17:13:25,360 [INFO   ][ln-210]: Test test_mock_service passed.
2019-08-02 17:13:25,360 [INFO   ][ln-231]: test_mock_service returns: pass, 0.207084
2019-08-02 17:13:25,360 [INFO   ][ln-195]: Calling test_mock_service.
2019-08-02 17:13:25,567 [INFO   ][ln-210]: Test test_mock_service passed.
2019-08-02 17:13:25,567 [INFO   ][ln-231]: test_mock_service returns: pass, 0.207773
2019-08-02 17:13:25,567 [INFO   ][ln-195]: Calling test_mock_service.
2019-08-02 17:13:25,569 [INFO   ][ln-210]: Test test_mock_service passed.
2019-08-02 17:13:25,569 [INFO   ][ln-231]: test_mock_service returns: pass, 0.20421
2019-08-02 17:13:25,569 [INFO   ][ln-195]: Calling test_mock_service.
2019-08-02 17:13:25,774 [INFO   ][ln-210]: Test test_mock_service passed.
2019-08-02 17:13:25,775 [INFO   ][ln-231]: test_mock_service returns: pass, 0.203355
2019-08-02 17:13:25,775 [INFO   ][ln-195]: Calling test_mock_service.
2019-08-02 17:13:25,779 [INFO   ][ln-210]: Test test_mock_service passed.
2019-08-02 17:13:25,779 [INFO   ][ln-231]: test_mock_service returns: pass, 0.210059
2019-08-02 17:13:25,779 [INFO   ][ln-195]: Calling test_mock_service.
2019-08-02 17:13:25,986 [INFO   ][ln-210]: Test test_mock_service passed.
2019-08-02 17:13:25,986 [INFO   ][ln-231]: test_mock_service returns: pass, 0.208905
2019-08-02 17:13:25,986 [INFO   ][ln-195]: Calling test_mock_service.
2019-08-02 17:13:25,989 [INFO   ][ln-210]: Test test_mock_service passed.
2019-08-02 17:13:25,989 [INFO   ][ln-231]: test_mock_service returns: pass, 0.204263
2019-08-02 17:13:25,989 [INFO   ][ln-195]: Calling test_mock_service.
2019-08-02 17:13:26,196 [INFO   ][ln-210]: Test test_mock_service passed.
2019-08-02 17:13:26,196 [INFO   ][ln-231]: test_mock_service returns: pass, 0.204206
2019-08-02 17:13:26,196 [INFO   ][ln-195]: Calling test_mock_service.
2019-08-02 17:13:26,197 [INFO   ][ln-210]: Test test_mock_service passed.
2019-08-02 17:13:26,197 [INFO   ][ln-231]: test_mock_service returns: pass, 0.207685
2019-08-02 17:13:26,197 [INFO   ][ln-195]: Calling test_mock_service.
2019-08-02 17:13:26,406 [INFO   ][ln-210]: Test test_mock_service passed.
2019-08-02 17:13:26,406 [INFO   ][ln-231]: test_mock_service returns: pass, 0.206792
2019-08-02 17:13:26,406 [INFO   ][ln-195]: Calling test_mock_service.
2019-08-02 17:13:26,409 [INFO   ][ln-210]: Test test_mock_service passed.
2019-08-02 17:13:26,409 [INFO   ][ln-231]: test_mock_service returns: pass, 0.204358
2019-08-02 17:13:26,409 [INFO   ][ln-195]: Calling test_mock_service.
2019-08-02 17:13:26,616 [INFO   ][ln-210]: Test test_mock_service passed.
2019-08-02 17:13:26,616 [INFO   ][ln-231]: test_mock_service returns: pass, 0.207618
2019-08-02 17:13:26,616 [INFO   ][ln-195]: Calling test_mock_service.
2019-08-02 17:13:26,617 [INFO   ][ln-210]: Test test_mock_service passed.
2019-08-02 17:13:26,619 [INFO   ][ln-231]: test_mock_service returns: pass, 0.204156
2019-08-02 17:13:26,619 [INFO   ][ln-195]: Calling test_mock_service.
2019-08-02 17:13:26,824 [INFO   ][ln-210]: Test test_mock_service passed.
2019-08-02 17:13:26,824 [INFO   ][ln-231]: test_mock_service returns: pass, 0.205861
2019-08-02 17:13:26,825 [INFO   ][ln-195]: Calling test_mock_service.
2019-08-02 17:13:26,829 [INFO   ][ln-210]: Test test_mock_service passed.
2019-08-02 17:13:26,829 [INFO   ][ln-231]: test_mock_service returns: pass, 0.20807
2019-08-02 17:13:26,829 [INFO   ][ln-195]: Calling test_mock_service.
2019-08-02 17:13:27,036 [INFO   ][ln-210]: Test test_mock_service passed.
2019-08-02 17:13:27,036 [INFO   ][ln-231]: test_mock_service returns: pass, 0.204983
2019-08-02 17:13:27,036 [INFO   ][ln-195]: Calling test_mock_service.
2019-08-02 17:13:27,039 [INFO   ][ln-210]: Test test_mock_service passed.
2019-08-02 17:13:27,039 [INFO   ][ln-231]: test_mock_service returns: pass, 0.208648
2019-08-02 17:13:27,039 [INFO   ][ln-195]: Calling test_mock_service.
2019-08-02 17:13:27,246 [INFO   ][ln-210]: Test test_mock_service passed.
2019-08-02 17:13:27,246 [INFO   ][ln-231]: test_mock_service returns: pass, 0.207655
2019-08-02 17:13:27,246 [INFO   ][ln-195]: Calling test_mock_service.
2019-08-02 17:13:27,249 [INFO   ][ln-210]: Test test_mock_service passed.
2019-08-02 17:13:27,249 [INFO   ][ln-231]: test_mock_service returns: pass, 0.204245
2019-08-02 17:13:27,249 [INFO   ][ln-195]: Calling test_mock_service.
2019-08-02 17:13:27,456 [INFO   ][ln-210]: Test test_mock_service passed.
2019-08-02 17:13:27,456 [INFO   ][ln-231]: test_mock_service returns: pass, 0.204261
2019-08-02 17:13:27,456 [INFO   ][ln-195]: Calling test_mock_service.
2019-08-02 17:13:27,457 [INFO   ][ln-210]: Test test_mock_service passed.
2019-08-02 17:13:27,457 [INFO   ][ln-231]: test_mock_service returns: pass, 0.207641
2019-08-02 17:13:27,457 [INFO   ][ln-195]: Calling test_mock_service.
2019-08-02 17:13:27,665 [INFO   ][ln-210]: Test test_mock_service passed.
2019-08-02 17:13:27,665 [INFO   ][ln-231]: test_mock_service returns: pass, 0.204679
2019-08-02 17:13:27,666 [INFO   ][ln-195]: Calling test_mock_service.
2019-08-02 17:13:27,672 [INFO   ][ln-210]: Test test_mock_service passed.
2019-08-02 17:13:27,672 [INFO   ][ln-231]: test_mock_service returns: pass, 0.205892
2019-08-02 17:13:27,672 [INFO   ][ln-195]: Calling test_mock_service.
2019-08-02 17:13:27,879 [INFO   ][ln-210]: Test test_mock_service passed.
2019-08-02 17:13:27,879 [INFO   ][ln-231]: test_mock_service returns: pass, 0.204864
2019-08-02 17:13:27,879 [INFO   ][ln-195]: Calling test_mock_service.
2019-08-02 17:13:27,881 [INFO   ][ln-210]: Test test_mock_service passed.
2019-08-02 17:13:27,881 [INFO   ][ln-231]: test_mock_service returns: pass, 0.210504
2019-08-02 17:13:27,882 [INFO   ][ln-195]: Calling test_mock_service.
2019-08-02 17:13:28,088 [INFO   ][ln-210]: Test test_mock_service passed.
2019-08-02 17:13:28,088 [INFO   ][ln-231]: test_mock_service returns: pass, 0.207119
2019-08-02 17:13:28,088 [INFO   ][ln-195]: Calling test_mock_service.
2019-08-02 17:13:28,091 [INFO   ][ln-210]: Test test_mock_service passed.
2019-08-02 17:13:28,091 [INFO   ][ln-231]: test_mock_service returns: pass, 0.20414
2019-08-02 17:13:28,091 [INFO   ][ln-195]: Calling test_mock_service.
2019-08-02 17:13:28,298 [INFO   ][ln-210]: Test test_mock_service passed.
2019-08-02 17:13:28,298 [INFO   ][ln-231]: test_mock_service returns: pass, 0.207613
2019-08-02 17:13:28,298 [INFO   ][ln-195]: Calling test_mock_service.
2019-08-02 17:13:28,301 [INFO   ][ln-210]: Test test_mock_service passed.
2019-08-02 17:13:28,301 [INFO   ][ln-231]: test_mock_service returns: pass, 0.204242
2019-08-02 17:13:28,301 [INFO   ][ln-195]: Calling test_mock_service.
2019-08-02 17:13:28,508 [INFO   ][ln-210]: Test test_mock_service passed.
2019-08-02 17:13:28,508 [INFO   ][ln-231]: test_mock_service returns: pass, 0.204371
2019-08-02 17:13:28,508 [INFO   ][ln-195]: Calling test_mock_service.
2019-08-02 17:13:28,511 [INFO   ][ln-210]: Test test_mock_service passed.
2019-08-02 17:13:28,511 [INFO   ][ln-231]: test_mock_service returns: pass, 0.20794
2019-08-02 17:13:28,512 [INFO   ][ln-195]: Calling test_mock_service.
2019-08-02 17:13:28,717 [INFO   ][ln-210]: Test test_mock_service passed.
2019-08-02 17:13:28,717 [INFO   ][ln-231]: test_mock_service returns: pass, 0.206711
2019-08-02 17:13:28,718 [INFO   ][ln-195]: Calling test_mock_service.
2019-08-02 17:13:28,721 [INFO   ][ln-210]: Test test_mock_service passed.
2019-08-02 17:13:28,722 [INFO   ][ln-231]: test_mock_service returns: pass, 0.208194
2019-08-02 17:13:28,722 [INFO   ][ln-195]: Calling test_mock_service.
2019-08-02 17:13:28,928 [INFO   ][ln-210]: Test test_mock_service passed.
2019-08-02 17:13:28,928 [INFO   ][ln-231]: test_mock_service returns: pass, 0.204145
2019-08-02 17:13:28,929 [INFO   ][ln-195]: Calling test_mock_service.
2019-08-02 17:13:28,931 [INFO   ][ln-210]: Test test_mock_service passed.
2019-08-02 17:13:28,931 [INFO   ][ln-231]: test_mock_service returns: pass, 0.208793
2019-08-02 17:13:28,932 [INFO   ][ln-195]: Calling test_mock_service.
2019-08-02 17:13:29,138 [INFO   ][ln-210]: Test test_mock_service passed.
2019-08-02 17:13:29,138 [INFO   ][ln-231]: test_mock_service returns: pass, 0.207715
2019-08-02 17:13:29,139 [INFO   ][ln-195]: Calling test_mock_service.
2019-08-02 17:13:29,141 [INFO   ][ln-210]: Test test_mock_service passed.
2019-08-02 17:13:29,141 [INFO   ][ln-231]: test_mock_service returns: pass, 0.204337
2019-08-02 17:13:29,141 [INFO   ][ln-195]: Calling test_mock_service.
2019-08-02 17:13:29,348 [INFO   ][ln-210]: Test test_mock_service passed.
2019-08-02 17:13:29,348 [INFO   ][ln-231]: test_mock_service returns: pass, 0.204258
2019-08-02 17:13:29,348 [INFO   ][ln-195]: Calling test_mock_service.
2019-08-02 17:13:29,351 [INFO   ][ln-210]: Test test_mock_service passed.
2019-08-02 17:13:29,351 [INFO   ][ln-231]: test_mock_service returns: pass, 0.207117
2019-08-02 17:13:29,351 [INFO   ][ln-195]: Calling test_mock_service.
2019-08-02 17:13:29,557 [INFO   ][ln-210]: Test test_mock_service passed.
2019-08-02 17:13:29,558 [INFO   ][ln-231]: test_mock_service returns: pass, 0.204372
2019-08-02 17:13:29,558 [INFO   ][ln-195]: Calling test_mock_service.
2019-08-02 17:13:29,560 [INFO   ][ln-210]: Test test_mock_service passed.
2019-08-02 17:13:29,560 [INFO   ][ln-231]: test_mock_service returns: pass, 0.207545
2019-08-02 17:13:29,561 [INFO   ][ln-195]: Calling test_mock_service.
2019-08-02 17:13:29,766 [INFO   ][ln-210]: Test test_mock_service passed.
2019-08-02 17:13:29,766 [INFO   ][ln-231]: test_mock_service returns: pass, 0.206518
2019-08-02 17:13:29,767 [INFO   ][ln-195]: Calling test_mock_service.
2019-08-02 17:13:29,770 [INFO   ][ln-210]: Test test_mock_service passed.
2019-08-02 17:13:29,770 [INFO   ][ln-231]: test_mock_service returns: pass, 0.207531
2019-08-02 17:13:29,770 [INFO   ][ln-195]: Calling test_mock_service.
2019-08-02 17:13:29,977 [INFO   ][ln-210]: Test test_mock_service passed.
2019-08-02 17:13:29,977 [INFO   ][ln-231]: test_mock_service returns: pass, 0.204237
2019-08-02 17:13:29,977 [INFO   ][ln-195]: Calling test_mock_service.
2019-08-02 17:13:29,980 [INFO   ][ln-210]: Test test_mock_service passed.
2019-08-02 17:13:29,980 [INFO   ][ln-231]: test_mock_service returns: pass, 0.208281
2019-08-02 17:13:29,980 [INFO   ][ln-195]: Calling test_mock_service.
2019-08-02 17:13:30,187 [INFO   ][ln-210]: Test test_mock_service passed.
2019-08-02 17:13:30,187 [INFO   ][ln-231]: test_mock_service returns: pass, 0.207923
2019-08-02 17:13:30,187 [INFO   ][ln-195]: Calling test_mock_service.
2019-08-02 17:13:30,189 [INFO   ][ln-210]: Test test_mock_service passed.
2019-08-02 17:13:30,189 [INFO   ][ln-231]: test_mock_service returns: pass, 0.20439
2019-08-02 17:13:30,190 [INFO   ][ln-195]: Calling test_mock_service.
2019-08-02 17:13:30,396 [INFO   ][ln-210]: Test test_mock_service passed.
2019-08-02 17:13:30,396 [INFO   ][ln-231]: test_mock_service returns: pass, 0.207265
2019-08-02 17:13:30,397 [INFO   ][ln-195]: Calling test_mock_service.
2019-08-02 17:13:30,399 [INFO   ][ln-210]: Test test_mock_service passed.
2019-08-02 17:13:30,399 [INFO   ][ln-231]: test_mock_service returns: pass, 0.204391
2019-08-02 17:13:30,400 [INFO   ][ln-195]: Calling test_mock_service.
2019-08-02 17:13:30,606 [INFO   ][ln-210]: Test test_mock_service passed.
2019-08-02 17:13:30,606 [INFO   ][ln-231]: test_mock_service returns: pass, 0.207618
2019-08-02 17:13:30,607 [INFO   ][ln-195]: Calling test_mock_service.
2019-08-02 17:13:30,609 [INFO   ][ln-210]: Test test_mock_service passed.
2019-08-02 17:13:30,609 [INFO   ][ln-231]: test_mock_service returns: pass, 0.204215
2019-08-02 17:13:30,609 [INFO   ][ln-195]: Calling test_mock_service.
2019-08-02 17:13:30,814 [INFO   ][ln-210]: Test test_mock_service passed.
2019-08-02 17:13:30,814 [INFO   ][ln-231]: test_mock_service returns: pass, 0.203354
2019-08-02 17:13:30,814 [INFO   ][ln-195]: Calling test_mock_service.
2019-08-02 17:13:30,818 [INFO   ][ln-210]: Test test_mock_service passed.
2019-08-02 17:13:30,818 [INFO   ][ln-231]: test_mock_service returns: pass, 0.210159
2019-08-02 17:13:30,819 [INFO   ][ln-195]: Calling test_mock_service.
2019-08-02 17:13:31,025 [INFO   ][ln-210]: Test test_mock_service passed.
2019-08-02 17:13:31,025 [INFO   ][ln-231]: test_mock_service returns: pass, 0.204058
2019-08-02 17:13:31,025 [INFO   ][ln-195]: Calling test_mock_service.
2019-08-02 17:13:31,028 [INFO   ][ln-210]: Test test_mock_service passed.
2019-08-02 17:13:31,028 [INFO   ][ln-231]: test_mock_service returns: pass, 0.20876
2019-08-02 17:13:31,028 [INFO   ][ln-195]: Calling test_mock_service.
2019-08-02 17:13:31,235 [INFO   ][ln-210]: Test test_mock_service passed.
2019-08-02 17:13:31,235 [INFO   ][ln-231]: test_mock_service returns: pass, 0.204017
2019-08-02 17:13:31,235 [INFO   ][ln-195]: Calling test_mock_service.
2019-08-02 17:13:31,237 [INFO   ][ln-210]: Test test_mock_service passed.
2019-08-02 17:13:31,237 [INFO   ][ln-231]: test_mock_service returns: pass, 0.207337
2019-08-02 17:13:31,237 [INFO   ][ln-195]: Calling test_mock_service.
2019-08-02 17:13:31,444 [INFO   ][ln-210]: Test test_mock_service passed.
2019-08-02 17:13:31,444 [INFO   ][ln-231]: test_mock_service returns: pass, 0.207129
2019-08-02 17:13:31,444 [INFO   ][ln-195]: Calling test_mock_service.
2019-08-02 17:13:31,447 [INFO   ][ln-210]: Test test_mock_service passed.
2019-08-02 17:13:31,447 [INFO   ][ln-231]: test_mock_service returns: pass, 0.204308
2019-08-02 17:13:31,447 [INFO   ][ln-195]: Calling test_mock_service.
2019-08-02 17:13:31,654 [INFO   ][ln-210]: Test test_mock_service passed.
2019-08-02 17:13:31,654 [INFO   ][ln-231]: test_mock_service returns: pass, 0.204217
2019-08-02 17:13:31,654 [INFO   ][ln-195]: Calling test_mock_service.
2019-08-02 17:13:31,657 [INFO   ][ln-210]: Test test_mock_service passed.
2019-08-02 17:13:31,657 [INFO   ][ln-231]: test_mock_service returns: pass, 0.207509
2019-08-02 17:13:31,657 [INFO   ][ln-195]: Calling test_mock_service.
2019-08-02 17:13:31,862 [INFO   ][ln-210]: Test test_mock_service passed.
2019-08-02 17:13:31,862 [INFO   ][ln-231]: test_mock_service returns: pass, 0.206427
2019-08-02 17:13:31,863 [INFO   ][ln-195]: Calling test_mock_service.
2019-08-02 17:13:31,866 [INFO   ][ln-210]: Test test_mock_service passed.
2019-08-02 17:13:31,866 [INFO   ][ln-231]: test_mock_service returns: pass, 0.207433
2019-08-02 17:13:31,866 [INFO   ][ln-195]: Calling test_mock_service.
2019-08-02 17:13:32,073 [INFO   ][ln-210]: Test test_mock_service passed.
2019-08-02 17:13:32,073 [INFO   ][ln-231]: test_mock_service returns: pass, 0.204258
2019-08-02 17:13:32,073 [INFO   ][ln-195]: Calling test_mock_service.
2019-08-02 17:13:32,076 [INFO   ][ln-210]: Test test_mock_service passed.
2019-08-02 17:13:32,076 [INFO   ][ln-231]: test_mock_service returns: pass, 0.208221
2019-08-02 17:13:32,076 [INFO   ][ln-195]: Calling test_mock_service.
2019-08-02 17:13:32,283 [INFO   ][ln-210]: Test test_mock_service passed.
2019-08-02 17:13:32,283 [INFO   ][ln-231]: test_mock_service returns: pass, 0.207611
2019-08-02 17:13:32,283 [INFO   ][ln-195]: Calling test_mock_service.
2019-08-02 17:13:32,285 [INFO   ][ln-210]: Test test_mock_service passed.
2019-08-02 17:13:32,285 [INFO   ][ln-231]: test_mock_service returns: pass, 0.204138
2019-08-02 17:13:32,285 [INFO   ][ln-195]: Calling test_mock_service.
2019-08-02 17:13:32,492 [INFO   ][ln-210]: Test test_mock_service passed.
2019-08-02 17:13:32,492 [INFO   ][ln-231]: test_mock_service returns: pass, 0.204306
2019-08-02 17:13:32,492 [INFO   ][ln-195]: Calling test_mock_service.
2019-08-02 17:13:32,495 [INFO   ][ln-210]: Test test_mock_service passed.
2019-08-02 17:13:32,495 [INFO   ][ln-231]: test_mock_service returns: pass, 0.207137
2019-08-02 17:13:32,495 [INFO   ][ln-195]: Calling test_mock_service.
2019-08-02 17:13:32,701 [INFO   ][ln-210]: Test test_mock_service passed.
2019-08-02 17:13:32,701 [INFO   ][ln-231]: test_mock_service returns: pass, 0.206509
2019-08-02 17:13:32,701 [INFO   ][ln-195]: Calling test_mock_service.
2019-08-02 17:13:32,705 [INFO   ][ln-210]: Test test_mock_service passed.
2019-08-02 17:13:32,705 [INFO   ][ln-231]: test_mock_service returns: pass, 0.207933
2019-08-02 17:13:32,705 [INFO   ][ln-195]: Calling test_mock_service.
2019-08-02 17:13:32,912 [INFO   ][ln-210]: Test test_mock_service passed.
2019-08-02 17:13:32,912 [INFO   ][ln-231]: test_mock_service returns: pass, 0.20405
2019-08-02 17:13:32,912 [INFO   ][ln-195]: Calling test_mock_service.
2019-08-02 17:13:32,913 [INFO   ][ln-210]: Test test_mock_service passed.
2019-08-02 17:13:32,915 [INFO   ][ln-231]: test_mock_service returns: pass, 0.208563
2019-08-02 17:13:32,915 [INFO   ][ln-195]: Calling test_mock_service.
2019-08-02 17:13:33,121 [INFO   ][ln-210]: Test test_mock_service passed.
2019-08-02 17:13:33,121 [INFO   ][ln-231]: test_mock_service returns: pass, 0.204121
2019-08-02 17:13:33,122 [INFO   ][ln-195]: Calling test_mock_service.
2019-08-02 17:13:33,124 [INFO   ][ln-210]: Test test_mock_service passed.
2019-08-02 17:13:33,124 [INFO   ][ln-231]: test_mock_service returns: pass, 0.206908
2019-08-02 17:13:33,125 [INFO   ][ln-195]: Calling test_mock_service.
2019-08-02 17:13:33,331 [INFO   ][ln-210]: Test test_mock_service passed.
2019-08-02 17:13:33,331 [INFO   ][ln-231]: test_mock_service returns: pass, 0.204279
2019-08-02 17:13:33,332 [INFO   ][ln-195]: Calling test_mock_service.
2019-08-02 17:13:33,334 [INFO   ][ln-210]: Test test_mock_service passed.
2019-08-02 17:13:33,334 [INFO   ][ln-231]: test_mock_service returns: pass, 0.207689
2019-08-02 17:13:33,334 [INFO   ][ln-195]: Calling test_mock_service.
2019-08-02 17:13:33,541 [INFO   ][ln-210]: Test test_mock_service passed.
2019-08-02 17:13:33,541 [INFO   ][ln-231]: test_mock_service returns: pass, 0.204175
2019-08-02 17:13:33,541 [INFO   ][ln-195]: Calling test_mock_service.
2019-08-02 17:13:33,543 [INFO   ][ln-210]: Test test_mock_service passed.
2019-08-02 17:13:33,543 [INFO   ][ln-231]: test_mock_service returns: pass, 0.206943
2019-08-02 17:13:33,544 [INFO   ][ln-195]: Calling test_mock_service.
2019-08-02 17:13:33,749 [INFO   ][ln-210]: Test test_mock_service passed.
2019-08-02 17:13:33,749 [INFO   ][ln-231]: test_mock_service returns: pass, 0.206153
2019-08-02 17:13:33,749 [INFO   ][ln-195]: Calling test_mock_service.
2019-08-02 17:13:33,753 [INFO   ][ln-210]: Test test_mock_service passed.
2019-08-02 17:13:33,753 [INFO   ][ln-231]: test_mock_service returns: pass, 0.20785
2019-08-02 17:13:33,753 [INFO   ][ln-195]: Calling test_mock_service.
2019-08-02 17:13:33,960 [INFO   ][ln-210]: Test test_mock_service passed.
2019-08-02 17:13:33,960 [INFO   ][ln-231]: test_mock_service returns: pass, 0.204307
2019-08-02 17:13:33,960 [INFO   ][ln-195]: Calling test_mock_service.
2019-08-02 17:13:33,963 [INFO   ][ln-210]: Test test_mock_service passed.
2019-08-02 17:13:33,963 [INFO   ][ln-231]: test_mock_service returns: pass, 0.208746
2019-08-02 17:13:33,963 [INFO   ][ln-195]: Calling test_mock_service.
2019-08-02 17:13:34,170 [INFO   ][ln-210]: Test test_mock_service passed.
2019-08-02 17:13:34,170 [INFO   ][ln-231]: test_mock_service returns: pass, 0.204222
2019-08-02 17:13:34,170 [INFO   ][ln-195]: Calling test_mock_service.
2019-08-02 17:13:34,173 [INFO   ][ln-210]: Test test_mock_service passed.
2019-08-02 17:13:34,173 [INFO   ][ln-231]: test_mock_service returns: pass, 0.207569
2019-08-02 17:13:34,173 [INFO   ][ln-195]: Calling test_mock_service.
2019-08-02 17:13:34,380 [INFO   ][ln-210]: Test test_mock_service passed.
2019-08-02 17:13:34,380 [INFO   ][ln-231]: test_mock_service returns: pass, 0.204106
2019-08-02 17:13:34,380 [INFO   ][ln-195]: Calling test_mock_service.
2019-08-02 17:13:34,381 [INFO   ][ln-210]: Test test_mock_service passed.
2019-08-02 17:13:34,381 [INFO   ][ln-231]: test_mock_service returns: pass, 0.207458
2019-08-02 17:13:34,381 [INFO   ][ln-195]: Calling test_mock_service.
2019-08-02 17:13:34,589 [INFO   ][ln-210]: Test test_mock_service passed.
2019-08-02 17:13:34,589 [INFO   ][ln-231]: test_mock_service returns: pass, 0.204632
2019-08-02 17:13:34,590 [INFO   ][ln-195]: Calling test_mock_service.
2019-08-02 17:13:34,592 [INFO   ][ln-210]: Test test_mock_service passed.
2019-08-02 17:13:34,592 [INFO   ][ln-231]: test_mock_service returns: pass, 0.205844
2019-08-02 17:13:34,592 [INFO   ][ln-195]: Calling test_mock_service.
2019-08-02 17:13:34,799 [INFO   ][ln-210]: Test test_mock_service passed.
2019-08-02 17:13:34,799 [INFO   ][ln-231]: test_mock_service returns: pass, 0.207077
2019-08-02 17:13:34,799 [INFO   ][ln-195]: Calling test_mock_service.
2019-08-02 17:13:34,802 [INFO   ][ln-210]: Test test_mock_service passed.
2019-08-02 17:13:34,802 [INFO   ][ln-231]: test_mock_service returns: pass, 0.208042
2019-08-02 17:13:34,802 [INFO   ][ln-195]: Calling test_mock_service.
2019-08-02 17:13:35,009 [INFO   ][ln-210]: Test test_mock_service passed.
2019-08-02 17:13:35,009 [INFO   ][ln-231]: test_mock_service returns: pass, 0.204142
2019-08-02 17:13:35,009 [INFO   ][ln-195]: Calling test_mock_service.
2019-08-02 17:13:35,012 [INFO   ][ln-210]: Test test_mock_service passed.
2019-08-02 17:13:35,012 [INFO   ][ln-231]: test_mock_service returns: pass, 0.20804
2019-08-02 17:13:35,012 [INFO   ][ln-195]: Calling test_mock_service.
2019-08-02 17:13:35,219 [INFO   ][ln-210]: Test test_mock_service passed.
2019-08-02 17:13:35,219 [INFO   ][ln-231]: test_mock_service returns: pass, 0.204879
2019-08-02 17:13:35,219 [INFO   ][ln-195]: Calling test_mock_service.
2019-08-02 17:13:35,221 [INFO   ][ln-210]: Test test_mock_service passed.
2019-08-02 17:13:35,221 [INFO   ][ln-231]: test_mock_service returns: pass, 0.207234
2019-08-02 17:13:35,222 [INFO   ][ln-195]: Calling test_mock_service.
2019-08-02 17:13:35,428 [INFO   ][ln-210]: Test test_mock_service passed.
2019-08-02 17:13:35,429 [INFO   ][ln-231]: test_mock_service returns: pass, 0.205053
2019-08-02 17:13:35,429 [INFO   ][ln-195]: Calling test_mock_service.
2019-08-02 17:13:35,431 [INFO   ][ln-210]: Test test_mock_service passed.
2019-08-02 17:13:35,431 [INFO   ][ln-231]: test_mock_service returns: pass, 0.206798
2019-08-02 17:13:35,432 [INFO   ][ln-195]: Calling test_mock_service.
2019-08-02 17:13:35,638 [INFO   ][ln-210]: Test test_mock_service passed.
2019-08-02 17:13:35,638 [INFO   ][ln-231]: test_mock_service returns: pass, 0.207599
2019-08-02 17:13:35,639 [INFO   ][ln-195]: Calling test_mock_service.
2019-08-02 17:13:35,641 [INFO   ][ln-210]: Test test_mock_service passed.
2019-08-02 17:13:35,641 [INFO   ][ln-231]: test_mock_service returns: pass, 0.204277
2019-08-02 17:13:35,641 [INFO   ][ln-195]: Calling test_mock_service.
2019-08-02 17:13:35,846 [INFO   ][ln-210]: Test test_mock_service passed.
2019-08-02 17:13:35,846 [INFO   ][ln-231]: test_mock_service returns: pass, 0.203431
2019-08-02 17:13:35,847 [INFO   ][ln-195]: Calling test_mock_service.
2019-08-02 17:13:35,850 [INFO   ][ln-210]: Test test_mock_service passed.
2019-08-02 17:13:35,850 [INFO   ][ln-231]: test_mock_service returns: pass, 0.209994
2019-08-02 17:13:35,851 [INFO   ][ln-195]: Calling test_mock_service.
2019-08-02 17:13:36,057 [INFO   ][ln-210]: Test test_mock_service passed.
2019-08-02 17:13:36,057 [INFO   ][ln-231]: test_mock_service returns: pass, 0.204213
2019-08-02 17:13:36,058 [INFO   ][ln-195]: Calling test_mock_service.
2019-08-02 17:13:36,060 [INFO   ][ln-210]: Test test_mock_service passed.
2019-08-02 17:13:36,060 [INFO   ][ln-231]: test_mock_service returns: pass, 0.208711
2019-08-02 17:13:36,060 [INFO   ][ln-195]: Calling test_mock_service.
2019-08-02 17:13:36,267 [INFO   ][ln-210]: Test test_mock_service passed.
2019-08-02 17:13:36,267 [INFO   ][ln-231]: test_mock_service returns: pass, 0.207594
2019-08-02 17:13:36,267 [INFO   ][ln-195]: Calling test_mock_service.
2019-08-02 17:13:36,269 [INFO   ][ln-210]: Test test_mock_service passed.
2019-08-02 17:13:36,269 [INFO   ][ln-231]: test_mock_service returns: pass, 0.204285
2019-08-02 17:13:36,270 [INFO   ][ln-195]: Calling test_mock_service.
2019-08-02 17:13:36,476 [INFO   ][ln-210]: Test test_mock_service passed.
2019-08-02 17:13:36,477 [INFO   ][ln-231]: test_mock_service returns: pass, 0.20439
2019-08-02 17:13:36,477 [INFO   ][ln-195]: Calling test_mock_service.
2019-08-02 17:13:36,479 [INFO   ][ln-210]: Test test_mock_service passed.
2019-08-02 17:13:36,480 [INFO   ][ln-231]: test_mock_service returns: pass, 0.207217
2019-08-02 17:13:36,480 [INFO   ][ln-195]: Calling test_mock_service.
2019-08-02 17:13:36,691 [INFO   ][ln-210]: Test test_mock_service passed.
2019-08-02 17:13:36,691 [INFO   ][ln-231]: test_mock_service returns: pass, 0.204293
2019-08-02 17:13:36,691 [INFO   ][ln-210]: Test test_mock_service passed.
2019-08-02 17:13:36,691 [INFO   ][ln-231]: test_mock_service returns: pass, 0.207841
